<?xml version="1.0" encoding="UTF-8"?>
<testsuite name="demo.AppTest" tests="1" skipped="0" failures="0" errors="0" timestamp="2024-02-03T07:30:15" hostname="LAPTOP-R2F4JMM8" time="0.003">
  <properties/>
  <testcase name="appHasAGreeting" classname="demo.AppTest" time="0.003"/>
  <system-out><![CDATA[]]></system-out>
  <system-err><![CDATA[]]></system-err>
</testsuite>
